<?xml version="1.0" encoding="UTF-8"?>
<!-- Generated by org.testng.reporters.JUnitXMLReporter -->
<testsuite ignored="0" hostname="DESKTOP-RVJSG1I" failures="0" tests="5" name="Smoke3" time="90.947" errors="0" timestamp="2020-07-10T11:55:21 IST">
  <testcase classname="testcase.testcase3" name="driverconfig" time="29.724"/>
  <testcase classname="testcase.testcase3" name="Explore" time="36.423"/>
  <testcase classname="testcase.testcase3" name="count" time="23.081"/>
  <testcase classname="testcase.testcase3" name="screenshot" time="1.017"/>
  <testcase classname="testcase.testcase3" name="driverexit" time="0.645"/>
</testsuite> <!-- Smoke3 -->
