<?xml version="1.0" encoding="UTF-8"?>
<!-- Generated by org.testng.reporters.JUnitXMLReporter -->
<testsuite ignored="0" hostname="DESKTOP-RVJSG1I" failures="0" tests="7" name="Test" time="397.912" errors="0" timestamp="2020-07-10T11:37:09 IST">
  <testcase classname="testcase.master_testcase" name="explore_Web_Development_Page_Test" time="59.819"/>
  <testcase classname="testcase.master_testcase" name="filterAccessTest" time="113.206"/>
  <testcase classname="testcase.master_testcase" name="enterprisePAGE_Test" time="25.255"/>
  <testcase classname="testcase.master_testcase" name="campusPAGE_Test" time="19.417"/>
  <testcase classname="testcase.master_testcase" name="formFillTest" time="46.188"/>
  <testcase classname="testcase.master_testcase" name="languageLearningPAGE_Test" time="29.661"/>
  <testcase classname="testcase.master_testcase" name="totalCountTset" time="23.204"/>
</testsuite> <!-- Test -->
