<?xml version="1.0" encoding="UTF-8"?>
<!-- Generated by org.testng.reporters.JUnitXMLReporter -->
<testsuite ignored="0" hostname="DESKTOP-RVJSG1I" failures="0" tests="7" name="Regression" time="258.486" errors="0" timestamp="2020-07-10T14:40:38 IST">
  <testcase classname="testcase.master_testcase" name="explore_Web_Development_Page_Test" time="41.919"/>
  <testcase classname="testcase.master_testcase" name="filterAccessTest" time="59.696"/>
  <testcase classname="testcase.master_testcase" name="enterprisePAGE_Test" time="16.34"/>
  <testcase classname="testcase.master_testcase" name="campusPAGE_Test" time="21.172"/>
  <testcase classname="testcase.master_testcase" name="formFillTest" time="37.394"/>
  <testcase classname="testcase.master_testcase" name="languageLearningPAGE_Test" time="13.475"/>
  <testcase classname="testcase.master_testcase" name="totalCountTset" time="14.398"/>
</testsuite> <!-- Regression -->
