<?xml version="1.0" encoding="UTF-8"?>
<!-- Generated by org.testng.reporters.JUnitXMLReporter -->
<testsuite ignored="0" hostname="DESKTOP-RVJSG1I" failures="0" tests="3" name="Smoke2" time="111.972" errors="0" timestamp="2020-07-10T11:53:50 IST">
  <testcase classname="testcase.testcase2" name="enterprisePAGE_Test" time="22.523"/>
  <testcase classname="testcase.testcase2" name="campusPAGE_Test" time="24.93"/>
  <testcase classname="testcase.testcase2" name="formFillTest" time="40.758"/>
</testsuite> <!-- Smoke2 -->
